2023-06-18 23:39:39 - Neovide panicked with the message 'Could not setup setting notifier for cursor_animate_in_insert_mode: Error decoding response to request 'nvim_command''. (File: src\error_handling.rs; Line: 5, Column: 5)
   0: <unknown>
   1: <unknown>
   2: <unknown>
   3: <unknown>
   4: <unknown>
   5: <unknown>
   6: <unknown>
   7: <unknown>
   8: <unknown>
   9: <unknown>
  10: <unknown>
  11: <unknown>
  12: <unknown>
  13: <unknown>
  14: <unknown>
  15: BaseThreadInitThunk
  16: RtlUserThreadStart

2023-06-18 23:39:42 - Neovide panicked with the message 'called `Result::unwrap()` on an `Err` value: SendError(Parallel(FocusLost))'. (File: src\event_aggregator.rs; Line: 55, Column: 28)
   0: <unknown>
   1: <unknown>
   2: <unknown>
   3: <unknown>
   4: <unknown>
   5: <unknown>
   6: <unknown>
   7: <unknown>
   8: <unknown>
   9: <unknown>
  10: <unknown>
  11: <unknown>
  12: <unknown>
  13: <unknown>
  14: <unknown>
  15: DefSubclassProc
  16: DefSubclassProc
  17: DispatchMessageW
  18: CallWindowProcW
  19: wglSwapBuffers
  20: DispatchMessageW
  21: DispatchMessageW
  22: GetClassLongW
  23: KiUserCallbackDispatcher
  24: NtUserPeekMessage
  25: PeekMessageW
  26: PeekMessageW
  27: <unknown>
  28: DefSubclassProc
  29: DefSubclassProc
  30: DispatchMessageW
  31: CallWindowProcW
  32: wglSwapBuffers
  33: DispatchMessageW
  34: DispatchMessageW
  35: <unknown>
  36: <unknown>
  37: <unknown>
  38: <unknown>
  39: <unknown>
  40: <unknown>
  41: <unknown>
  42: BaseThreadInitThunk
  43: RtlUserThreadStart

