2023-07-20 16:09:58 - Neovide panicked with the message 'Resize failed: DecodeError(ReaderError(Custom { kind: UnexpectedEof, error: "EOF" }), "nvim_ui_try_resize")'. (File: src\bridge\ui_commands.rs; Line: 139, Column: 18)
   0: <unknown>
   1: <unknown>
   2: <unknown>
   3: <unknown>
   4: <unknown>
   5: <unknown>
   6: <unknown>
   7: <unknown>
   8: <unknown>
   9: <unknown>
  10: <unknown>
  11: <unknown>
  12: <unknown>
  13: <unknown>
  14: <unknown>
  15: <unknown>
  16: BaseThreadInitThunk
  17: RtlUserThreadStart

2023-07-20 16:09:58 - Neovide panicked with the message 'Resize failed: DecodeError(ReaderError(Custom { kind: UnexpectedEof, error: "EOF" }), "nvim_ui_try_resize")'. (File: src\bridge\ui_commands.rs; Line: 139, Column: 18)
   0: <unknown>
   1: <unknown>
   2: <unknown>
   3: <unknown>
   4: <unknown>
   5: <unknown>
   6: <unknown>
   7: <unknown>
   8: <unknown>
   9: <unknown>
  10: <unknown>
  11: <unknown>
  12: <unknown>
  13: <unknown>
  14: <unknown>
  15: <unknown>
  16: BaseThreadInitThunk
  17: RtlUserThreadStart

2023-07-20 16:09:58 - Neovide panicked with the message 'Focus Lost Failed: DecodeError(ReaderError(Custom { kind: UnexpectedEof, error: "EOF" }), "nvim_command")'. (File: src\bridge\ui_commands.rs; Line: 143, Column: 18)
   0: <unknown>
   1: <unknown>
   2: <unknown>
   3: <unknown>
   4: <unknown>
   5: <unknown>
   6: <unknown>
   7: <unknown>
   8: <unknown>
   9: <unknown>
  10: <unknown>
  11: <unknown>
  12: <unknown>
  13: <unknown>
  14: <unknown>
  15: <unknown>
  16: BaseThreadInitThunk
  17: RtlUserThreadStart

2023-07-20 16:09:58 - Neovide panicked with the message 'Could not setup setting notifier for padding_bottom: Error sending request 'nvim_command''. (File: src\error_handling.rs; Line: 5, Column: 5)
   0: <unknown>
   1: <unknown>
   2: <unknown>
   3: <unknown>
   4: <unknown>
   5: <unknown>
   6: <unknown>
   7: <unknown>
   8: <unknown>
   9: <unknown>
  10: <unknown>
  11: <unknown>
  12: <unknown>
  13: <unknown>
  14: <unknown>
  15: BaseThreadInitThunk
  16: RtlUserThreadStart

2023-07-20 16:10:47 - Neovide panicked with the message 'called `Result::unwrap()` on an `Err` value: SendError(Parallel(FocusGained))'. (File: src\event_aggregator.rs; Line: 55, Column: 28)
   0: <unknown>
   1: <unknown>
   2: <unknown>
   3: <unknown>
   4: <unknown>
   5: <unknown>
   6: <unknown>
   7: <unknown>
   8: <unknown>
   9: <unknown>
  10: <unknown>
  11: <unknown>
  12: <unknown>
  13: <unknown>
  14: DefSubclassProc
  15: DefSubclassProc
  16: DispatchMessageW
  17: CallWindowProcW
  18: wglSwapBuffers
  19: DispatchMessageW
  20: DispatchMessageW
  21: GetClassLongW
  22: KiUserCallbackDispatcher
  23: NtUserMessageCall
  24: GetDlgCtrlID
  25: GetDlgCtrlID
  26: DispatchMessageW
  27: CallWindowProcW
  28: DefSubclassProc
  29: DefSubclassProc
  30: <unknown>
  31: DefSubclassProc
  32: DefSubclassProc
  33: DispatchMessageW
  34: CallWindowProcW
  35: wglSwapBuffers
  36: DispatchMessageW
  37: DispatchMessageW
  38: GetClassLongW
  39: KiUserCallbackDispatcher
  40: NtUserGetMessage
  41: GetMessageW
  42: <unknown>
  43: <unknown>
  44: <unknown>
  45: <unknown>
  46: <unknown>
  47: <unknown>
  48: <unknown>
  49: BaseThreadInitThunk
  50: RtlUserThreadStart

2023-07-20 18:18:49 - Neovide panicked with the message 'Could not parse event from neovim: invalid u64 format -1'. (File: src\error_handling.rs; Line: 5, Column: 5)
   0: <unknown>
   1: <unknown>
   2: <unknown>
   3: <unknown>
   4: <unknown>
   5: <unknown>
   6: <unknown>
   7: <unknown>
   8: <unknown>
   9: <unknown>
  10: <unknown>
  11: <unknown>
  12: <unknown>
  13: <unknown>
  14: <unknown>
  15: <unknown>
  16: <unknown>
  17: BaseThreadInitThunk
  18: RtlUserThreadStart

2023-07-20 18:19:12 - Neovide panicked with the message 'Focus Lost Failed: SendError(WriterError(Os { code: 232, kind: BrokenPipe, message: "The pipe is being closed." }), "nvim_command")'. (File: src\bridge\ui_commands.rs; Line: 143, Column: 18)
   0: <unknown>
   1: <unknown>
   2: <unknown>
   3: <unknown>
   4: <unknown>
   5: <unknown>
   6: <unknown>
   7: <unknown>
   8: <unknown>
   9: <unknown>
  10: <unknown>
  11: <unknown>
  12: <unknown>
  13: <unknown>
  14: <unknown>
  15: <unknown>
  16: BaseThreadInitThunk
  17: RtlUserThreadStart

2023-07-20 18:19:20 - Neovide panicked with the message 'Focus Gained Failed: SendError(WriterError(Os { code: 232, kind: BrokenPipe, message: "The pipe is being closed." }), "nvim_command")'. (File: src\bridge\ui_commands.rs; Line: 147, Column: 18)
   0: <unknown>
   1: <unknown>
   2: <unknown>
   3: <unknown>
   4: <unknown>
   5: <unknown>
   6: <unknown>
   7: <unknown>
   8: <unknown>
   9: <unknown>
  10: <unknown>
  11: <unknown>
  12: <unknown>
  13: <unknown>
  14: <unknown>
  15: <unknown>
  16: BaseThreadInitThunk
  17: RtlUserThreadStart

2023-07-20 18:19:22 - Neovide panicked with the message 'Focus Lost Failed: SendError(WriterError(Os { code: 232, kind: BrokenPipe, message: "The pipe is being closed." }), "nvim_command")'. (File: src\bridge\ui_commands.rs; Line: 143, Column: 18)
   0: <unknown>
   1: <unknown>
   2: <unknown>
   3: <unknown>
   4: <unknown>
   5: <unknown>
   6: <unknown>
   7: <unknown>
   8: <unknown>
   9: <unknown>
  10: <unknown>
  11: <unknown>
  12: <unknown>
  13: <unknown>
  14: <unknown>
  15: <unknown>
  16: BaseThreadInitThunk
  17: RtlUserThreadStart

2023-07-20 18:19:31 - Neovide panicked with the message 'Focus Gained Failed: SendError(WriterError(Os { code: 232, kind: BrokenPipe, message: "The pipe is being closed." }), "nvim_command")'. (File: src\bridge\ui_commands.rs; Line: 147, Column: 18)
   0: <unknown>
   1: <unknown>
   2: <unknown>
   3: <unknown>
   4: <unknown>
   5: <unknown>
   6: <unknown>
   7: <unknown>
   8: <unknown>
   9: <unknown>
  10: <unknown>
  11: <unknown>
  12: <unknown>
  13: <unknown>
  14: <unknown>
  15: <unknown>
  16: BaseThreadInitThunk
  17: RtlUserThreadStart

2023-07-20 18:19:32 - Neovide panicked with the message 'Focus Lost Failed: SendError(WriterError(Os { code: 232, kind: BrokenPipe, message: "The pipe is being closed." }), "nvim_command")'. (File: src\bridge\ui_commands.rs; Line: 143, Column: 18)
   0: <unknown>
   1: <unknown>
   2: <unknown>
   3: <unknown>
   4: <unknown>
   5: <unknown>
   6: <unknown>
   7: <unknown>
   8: <unknown>
   9: <unknown>
  10: <unknown>
  11: <unknown>
  12: <unknown>
  13: <unknown>
  14: <unknown>
  15: <unknown>
  16: BaseThreadInitThunk
  17: RtlUserThreadStart

2023-07-20 18:22:23 - Neovide panicked with the message 'Focus Gained Failed: SendError(WriterError(Os { code: 232, kind: BrokenPipe, message: "The pipe is being closed." }), "nvim_command")'. (File: src\bridge\ui_commands.rs; Line: 147, Column: 18)
   0: <unknown>
   1: <unknown>
   2: <unknown>
   3: <unknown>
   4: <unknown>
   5: <unknown>
   6: <unknown>
   7: <unknown>
   8: <unknown>
   9: <unknown>
  10: <unknown>
  11: <unknown>
  12: <unknown>
  13: <unknown>
  14: <unknown>
  15: <unknown>
  16: BaseThreadInitThunk
  17: RtlUserThreadStart

2023-07-20 18:22:31 - Neovide panicked with the message 'Focus Lost Failed: SendError(WriterError(Os { code: 232, kind: BrokenPipe, message: "The pipe is being closed." }), "nvim_command")'. (File: src\bridge\ui_commands.rs; Line: 143, Column: 18)
   0: <unknown>
   1: <unknown>
   2: <unknown>
   3: <unknown>
   4: <unknown>
   5: <unknown>
   6: <unknown>
   7: <unknown>
   8: <unknown>
   9: <unknown>
  10: <unknown>
  11: <unknown>
  12: <unknown>
  13: <unknown>
  14: <unknown>
  15: <unknown>
  16: BaseThreadInitThunk
  17: RtlUserThreadStart

2023-07-20 18:27:02 - Neovide panicked with the message 'Focus Gained Failed: SendError(WriterError(Os { code: 232, kind: BrokenPipe, message: "The pipe is being closed." }), "nvim_command")'. (File: src\bridge\ui_commands.rs; Line: 147, Column: 18)
   0: <unknown>
   1: <unknown>
   2: <unknown>
   3: <unknown>
   4: <unknown>
   5: <unknown>
   6: <unknown>
   7: <unknown>
   8: <unknown>
   9: <unknown>
  10: <unknown>
  11: <unknown>
  12: <unknown>
  13: <unknown>
  14: <unknown>
  15: <unknown>
  16: BaseThreadInitThunk
  17: RtlUserThreadStart

2023-07-20 18:27:06 - Neovide panicked with the message 'Focus Lost Failed: SendError(WriterError(Os { code: 232, kind: BrokenPipe, message: "The pipe is being closed." }), "nvim_command")'. (File: src\bridge\ui_commands.rs; Line: 143, Column: 18)
   0: <unknown>
   1: <unknown>
   2: <unknown>
   3: <unknown>
   4: <unknown>
   5: <unknown>
   6: <unknown>
   7: <unknown>
   8: <unknown>
   9: <unknown>
  10: <unknown>
  11: <unknown>
  12: <unknown>
  13: <unknown>
  14: <unknown>
  15: <unknown>
  16: BaseThreadInitThunk
  17: RtlUserThreadStart

2023-07-20 18:40:03 - Neovide panicked with the message 'Focus Gained Failed: SendError(WriterError(Os { code: 232, kind: BrokenPipe, message: "The pipe is being closed." }), "nvim_command")'. (File: src\bridge\ui_commands.rs; Line: 147, Column: 18)
   0: <unknown>
   1: <unknown>
   2: <unknown>
   3: <unknown>
   4: <unknown>
   5: <unknown>
   6: <unknown>
   7: <unknown>
   8: <unknown>
   9: <unknown>
  10: <unknown>
  11: <unknown>
  12: <unknown>
  13: <unknown>
  14: <unknown>
  15: <unknown>
  16: BaseThreadInitThunk
  17: RtlUserThreadStart

2023-07-20 18:40:04 - Neovide panicked with the message 'Focus Lost Failed: SendError(WriterError(Os { code: 232, kind: BrokenPipe, message: "The pipe is being closed." }), "nvim_command")'. (File: src\bridge\ui_commands.rs; Line: 143, Column: 18)
   0: <unknown>
   1: <unknown>
   2: <unknown>
   3: <unknown>
   4: <unknown>
   5: <unknown>
   6: <unknown>
   7: <unknown>
   8: <unknown>
   9: <unknown>
  10: <unknown>
  11: <unknown>
  12: <unknown>
  13: <unknown>
  14: <unknown>
  15: <unknown>
  16: BaseThreadInitThunk
  17: RtlUserThreadStart

2023-07-20 18:47:30 - Neovide panicked with the message 'Focus Gained Failed: SendError(WriterError(Os { code: 232, kind: BrokenPipe, message: "The pipe is being closed." }), "nvim_command")'. (File: src\bridge\ui_commands.rs; Line: 147, Column: 18)
   0: <unknown>
   1: <unknown>
   2: <unknown>
   3: <unknown>
   4: <unknown>
   5: <unknown>
   6: <unknown>
   7: <unknown>
   8: <unknown>
   9: <unknown>
  10: <unknown>
  11: <unknown>
  12: <unknown>
  13: <unknown>
  14: <unknown>
  15: <unknown>
  16: BaseThreadInitThunk
  17: RtlUserThreadStart

2023-07-20 18:47:32 - Neovide panicked with the message 'Focus Lost Failed: SendError(WriterError(Os { code: 232, kind: BrokenPipe, message: "The pipe is being closed." }), "nvim_command")'. (File: src\bridge\ui_commands.rs; Line: 143, Column: 18)
   0: <unknown>
   1: <unknown>
   2: <unknown>
   3: <unknown>
   4: <unknown>
   5: <unknown>
   6: <unknown>
   7: <unknown>
   8: <unknown>
   9: <unknown>
  10: <unknown>
  11: <unknown>
  12: <unknown>
  13: <unknown>
  14: <unknown>
  15: <unknown>
  16: BaseThreadInitThunk
  17: RtlUserThreadStart

2023-07-20 18:47:37 - Neovide panicked with the message 'Focus Gained Failed: SendError(WriterError(Os { code: 232, kind: BrokenPipe, message: "The pipe is being closed." }), "nvim_command")'. (File: src\bridge\ui_commands.rs; Line: 147, Column: 18)
   0: <unknown>
   1: <unknown>
   2: <unknown>
   3: <unknown>
   4: <unknown>
   5: <unknown>
   6: <unknown>
   7: <unknown>
   8: <unknown>
   9: <unknown>
  10: <unknown>
  11: <unknown>
  12: <unknown>
  13: <unknown>
  14: <unknown>
  15: <unknown>
  16: BaseThreadInitThunk
  17: RtlUserThreadStart

2023-07-20 18:47:38 - Neovide panicked with the message 'Focus Lost Failed: SendError(WriterError(Os { code: 232, kind: BrokenPipe, message: "The pipe is being closed." }), "nvim_command")'. (File: src\bridge\ui_commands.rs; Line: 143, Column: 18)
   0: <unknown>
   1: <unknown>
   2: <unknown>
   3: <unknown>
   4: <unknown>
   5: <unknown>
   6: <unknown>
   7: <unknown>
   8: <unknown>
   9: <unknown>
  10: <unknown>
  11: <unknown>
  12: <unknown>
  13: <unknown>
  14: <unknown>
  15: <unknown>
  16: BaseThreadInitThunk
  17: RtlUserThreadStart

2023-07-20 18:47:41 - Neovide panicked with the message 'Focus Gained Failed: SendError(WriterError(Os { code: 232, kind: BrokenPipe, message: "The pipe is being closed." }), "nvim_command")'. (File: src\bridge\ui_commands.rs; Line: 147, Column: 18)
   0: <unknown>
   1: <unknown>
   2: <unknown>
   3: <unknown>
   4: <unknown>
   5: <unknown>
   6: <unknown>
   7: <unknown>
   8: <unknown>
   9: <unknown>
  10: <unknown>
  11: <unknown>
  12: <unknown>
  13: <unknown>
  14: <unknown>
  15: <unknown>
  16: BaseThreadInitThunk
  17: RtlUserThreadStart

2023-07-20 18:47:41 - Neovide panicked with the message 'Focus Lost Failed: SendError(WriterError(Os { code: 232, kind: BrokenPipe, message: "The pipe is being closed." }), "nvim_command")'. (File: src\bridge\ui_commands.rs; Line: 143, Column: 18)
   0: <unknown>
   1: <unknown>
   2: <unknown>
   3: <unknown>
   4: <unknown>
   5: <unknown>
   6: <unknown>
   7: <unknown>
   8: <unknown>
   9: <unknown>
  10: <unknown>
  11: <unknown>
  12: <unknown>
  13: <unknown>
  14: <unknown>
  15: <unknown>
  16: BaseThreadInitThunk
  17: RtlUserThreadStart

2023-07-20 18:47:42 - Neovide panicked with the message 'Focus Gained Failed: SendError(WriterError(Os { code: 232, kind: BrokenPipe, message: "The pipe is being closed." }), "nvim_command")'. (File: src\bridge\ui_commands.rs; Line: 147, Column: 18)
   0: <unknown>
   1: <unknown>
   2: <unknown>
   3: <unknown>
   4: <unknown>
   5: <unknown>
   6: <unknown>
   7: <unknown>
   8: <unknown>
   9: <unknown>
  10: <unknown>
  11: <unknown>
  12: <unknown>
  13: <unknown>
  14: <unknown>
  15: <unknown>
  16: BaseThreadInitThunk
  17: RtlUserThreadStart

2023-07-20 18:47:42 - Neovide panicked with the message 'Focus Lost Failed: SendError(WriterError(Os { code: 232, kind: BrokenPipe, message: "The pipe is being closed." }), "nvim_command")'. (File: src\bridge\ui_commands.rs; Line: 143, Column: 18)
   0: <unknown>
   1: <unknown>
   2: <unknown>
   3: <unknown>
   4: <unknown>
   5: <unknown>
   6: <unknown>
   7: <unknown>
   8: <unknown>
   9: <unknown>
  10: <unknown>
  11: <unknown>
  12: <unknown>
  13: <unknown>
  14: <unknown>
  15: <unknown>
  16: BaseThreadInitThunk
  17: RtlUserThreadStart

